[0.011s] Invoking command in '/home/tristan/pickle_bot_description/build/pickle_bot_description': /usr/bin/cmake --build /home/tristan/pickle_bot_description/build/pickle_bot_description -- -j8 -l8
[0.063s] -- Found ament_cmake: 1.3.2 (/opt/ros/humble/share/ament_cmake/cmake)
[0.183s] -- Found ament_lint_auto: 0.12.4 (/opt/ros/humble/share/ament_lint_auto/cmake)
[0.221s] Error parsing '/home/tristan/pickle_bot_description/package.xml':
[0.257s] Traceback (most recent call last):
[0.257s]   File "/opt/ros/humble/share/ament_cmake_core/cmake/core/package_xml_2_cmake.py", line 150, in <module>
[0.257s]     main()
[0.257s]   File "/opt/ros/humble/share/ament_cmake_core/cmake/core/package_xml_2_cmake.py", line 53, in main
[0.257s]     raise e
[0.257s]   File "/opt/ros/humble/share/ament_cmake_core/cmake/core/package_xml_2_cmake.py", line 49, in main
[0.257s]     package = parse_package_string(
[0.257s]   File "/usr/lib/python3/dist-packages/catkin_pkg/package.py", line 786, in parse_package_string
[0.258s]     raise InvalidPackage('Error(s):%s' % (''.join(['\n- %s' % e for e in errors])), filename)
[0.258s] catkin_pkg.package.InvalidPackage: Error(s) in package '/home/tristan/pickle_bot_description/package.xml':
[0.258s] Error(s):
[0.258s] - The generic dependency on '' is redundant with: build_depend, build_export_depend, exec_depend
[0.258s] - The "depend" tag must not have the following attributes: package
[0.258s] - The "depend" tag must not have the following attributes: package
[0.270s] [31mCMake Error at /opt/ros/humble/share/ament_cmake_core/cmake/core/ament_package_xml.cmake:95 (message):
[0.270s]   execute_process(/usr/bin/python3.10
[0.270s]   /opt/ros/humble/share/ament_cmake_core/cmake/core/package_xml_2_cmake.py
[0.270s]   /home/tristan/pickle_bot_description/package.xml
[0.270s]   /home/tristan/pickle_bot_description/build/pickle_bot_description/ament_cmake_core/package.cmake)
[0.270s]   returned error code 1
[0.270s] Call Stack (most recent call first):
[0.270s]   /opt/ros/humble/share/ament_cmake_core/cmake/core/ament_package_xml.cmake:49 (_ament_package_xml)
[0.270s]   /opt/ros/humble/share/ament_lint_auto/cmake/ament_lint_auto_find_test_dependencies.cmake:31 (ament_package_xml)
[0.270s]   CMakeLists.txt:28 (ament_lint_auto_find_test_dependencies)
[0.270s] 
[0.270s] [0m
[0.270s] -- Configuring incomplete, errors occurred!
[0.270s] See also "/home/tristan/pickle_bot_description/build/pickle_bot_description/CMakeFiles/CMakeOutput.log".
[0.273s] gmake: *** [Makefile:226: cmake_check_build_system] Error 1
[0.274s] Invoked command in '/home/tristan/pickle_bot_description/build/pickle_bot_description' returned '2': /usr/bin/cmake --build /home/tristan/pickle_bot_description/build/pickle_bot_description -- -j8 -l8
